\BOOKMARK [0][-]{part.1}{I Dokumentation}{}% 1
\BOOKMARK [1][-]{section.1}{Einleitung}{part.1}% 2
\BOOKMARK [2][-]{subsection.1.1}{Aufgabenstellung}{section.1}% 3
\BOOKMARK [2][-]{subsection.1.2}{Abgrenzung der Arbeit}{section.1}% 4
\BOOKMARK [2][-]{subsection.1.3}{Vorgehen}{section.1}% 5
\BOOKMARK [2][-]{subsection.1.4}{Theorie}{section.1}% 6
\BOOKMARK [2][-]{subsection.1.5}{Der Solar Butterfly}{section.1}% 7
\BOOKMARK [1][-]{section.2}{Anforderungen und Methodik}{part.1}% 8
\BOOKMARK [2][-]{subsection.2.1}{Anforderungen an den Solar Butterfly}{section.2}% 9
\BOOKMARK [2][-]{subsection.2.2}{Auslegungskriterien}{section.2}% 10
\BOOKMARK [3][-]{subsubsection.2.2.1}{Aluminiumstrukturen}{subsection.2.2}% 11
\BOOKMARK [3][-]{subsubsection.2.2.2}{Sandwichstrukturen}{subsection.2.2}% 12
\BOOKMARK [3][-]{subsubsection.2.2.3}{Nieten}{subsection.2.2}% 13
\BOOKMARK [3][-]{subsubsection.2.2.4}{Klebeverbindungen}{subsection.2.2}% 14
\BOOKMARK [3][-]{subsubsection.2.2.5}{Schrauben}{subsection.2.2}% 15
\BOOKMARK [3][-]{subsubsection.2.2.6}{Spannpratzen}{subsection.2.2}% 16
\BOOKMARK [2][-]{subsection.2.3}{Verformung}{section.2}% 17
\BOOKMARK [1][-]{section.3}{FEM}{part.1}% 18
\BOOKMARK [1][-]{section.4}{Auslegung und Design}{part.1}% 19
\BOOKMARK [0][-]{part.2}{II Anhang}{}% 20
\BOOKMARK [1][-]{appendix.A}{Quellenverzeichnis}{part.2}% 21
\BOOKMARK [1][-]{appendix.B}{Abbildungsverzeichnis}{part.2}% 22
\BOOKMARK [1][-]{appendix.C}{Tabellenverzeichnis}{part.2}% 23
\BOOKMARK [1][-]{appendix.D}{Rissfortschritt}{part.2}% 24
\BOOKMARK [2][-]{subsection.D.1}{Zeichnungen}{appendix.D}% 25
\BOOKMARK [3][-]{subsubsection.D.1.1}{Zeichnung des Probenrohlings - Erste Serie}{subsection.D.1}% 26
\BOOKMARK [3][-]{subsubsection.D.1.2}{Zeichnung des Probenrohlings - Zweite Serie}{subsection.D.1}% 27
\BOOKMARK [0][-]{part.3}{III Elektronischer Anhang}{}% 28
\BOOKMARK [1][-]{appendix.A}{Elektronischer Anhang}{part.3}% 29
\BOOKMARK [2][-]{subsection.A.1}{Zeichnungen}{appendix.A}% 30
\BOOKMARK [3][-]{subsubsection.A.1.1}{Zeichnung des Probenrohlings - Erste Serie}{subsection.A.1}% 31
\BOOKMARK [3][-]{subsubsection.A.1.2}{Zeichnung des Probenrohlings - Zweite Serie}{subsection.A.1}% 32
