\BOOKMARK [0][-]{part.1}{I Dokumentation}{}% 1
\BOOKMARK [1][-]{section.1}{Einleitung}{part.1}% 2
\BOOKMARK [2][-]{subsection.1.1}{Aufgabenstellung}{section.1}% 3
\BOOKMARK [2][-]{subsection.1.2}{Vorgehen und Methodik}{section.1}% 4
\BOOKMARK [2][-]{subsection.1.3}{Theorie}{section.1}% 5
\BOOKMARK [2][-]{subsection.1.4}{Der Solar Butterfly}{section.1}% 6
\BOOKMARK [1][-]{section.2}{Anforderungen und Auslegungskriterien}{part.1}% 7
\BOOKMARK [2][-]{subsection.2.1}{Anforderungen an den Solar Butterfly}{section.2}% 8
\BOOKMARK [2][-]{subsection.2.2}{Auslegungskriterien}{section.2}% 9
\BOOKMARK [3][-]{subsubsection.2.2.1}{Aluminiumstrukturen}{subsection.2.2}% 10
\BOOKMARK [3][-]{subsubsection.2.2.2}{Sandwichstrukturen}{subsection.2.2}% 11
\BOOKMARK [3][-]{subsubsection.2.2.3}{Nieten}{subsection.2.2}% 12
\BOOKMARK [3][-]{subsubsection.2.2.4}{Klebeverbindungen}{subsection.2.2}% 13
\BOOKMARK [1][-]{section.3}{Lastenheft}{part.1}% 14
\BOOKMARK [2][-]{subsection.3.1}{Modus A: Fahren}{section.3}% 15
\BOOKMARK [2][-]{subsection.3.2}{Modus B: Ausfahren}{section.3}% 16
\BOOKMARK [2][-]{subsection.3.3}{Modus C: Ausgefahren}{section.3}% 17
\BOOKMARK [2][-]{subsection.3.4}{Failuremodes}{section.3}% 18
\BOOKMARK [1][-]{section.4}{Analyse der Struktur}{part.1}% 19
\BOOKMARK [2][-]{subsection.4.1}{Vertikale Beschleunigung}{section.4}% 20
\BOOKMARK [2][-]{subsection.4.2}{Longitudinale Beschleunigung}{section.4}% 21
\BOOKMARK [2][-]{subsection.4.3}{Laterale Beschleunigung}{section.4}% 22
\BOOKMARK [2][-]{subsection.4.4}{Rotatorische Beschleunigung}{section.4}% 23
\BOOKMARK [1][-]{section.5}{Dimensionierung}{part.1}% 24
\BOOKMARK [2][-]{subsection.5.1}{Boden}{section.5}% 25
\BOOKMARK [2][-]{subsection.5.2}{Dach - mittleres Raumelement}{section.5}% 26
\BOOKMARK [2][-]{subsection.5.3}{Solarpanelen - Reihe D}{section.5}% 27
\BOOKMARK [1][-]{section.6}{Globales FEM}{part.1}% 28
\BOOKMARK [2][-]{subsection.6.1}{Idealisierung und Modell}{section.6}% 29
\BOOKMARK [0][-]{part.2}{II Anhang}{}% 30
\BOOKMARK [1][-]{appendix.A}{Quellenverzeichnis}{part.2}% 31
\BOOKMARK [1][-]{appendix.B}{Abbildungsverzeichnis}{part.2}% 32
\BOOKMARK [1][-]{appendix.C}{Tabellenverzeichnis}{part.2}% 33
\BOOKMARK [1][-]{appendix.D}{Rissfortschritt}{part.2}% 34
\BOOKMARK [2][-]{subsection.D.1}{Zeichnungen}{appendix.D}% 35
\BOOKMARK [3][-]{subsubsection.D.1.1}{Zeichnung des Probenrohlings - Erste Serie}{subsection.D.1}% 36
\BOOKMARK [3][-]{subsubsection.D.1.2}{Zeichnung des Probenrohlings - Zweite Serie}{subsection.D.1}% 37
\BOOKMARK [0][-]{part.3}{III Elektronischer Anhang}{}% 38
\BOOKMARK [1][-]{appendix.A}{Elektronischer Anhang}{part.3}% 39
\BOOKMARK [2][-]{subsection.A.1}{Zeichnungen}{appendix.A}% 40
\BOOKMARK [3][-]{subsubsection.A.1.1}{Zeichnung des Probenrohlings - Erste Serie}{subsection.A.1}% 41
\BOOKMARK [3][-]{subsubsection.A.1.2}{Zeichnung des Probenrohlings - Zweite Serie}{subsection.A.1}% 42
